<?xml version="1.0" encoding="UTF-8"?>
<testsuite xmlns:xsi="http://www.w3.org/2001/XMLSchema-instance" xsi:noNamespaceSchemaLocation="https://maven.apache.org/surefire/maven-surefire-plugin/xsd/surefire-test-report-3.0.xsd" version="3.0" name="Principal.CalculadoraTest" time="0.042" tests="4" errors="0" skipped="0" failures="0">
  <properties>
[...]
</properties>
  <testcase name="testSubtrair" classname="Principal.CalculadoraTest" time="0.022"/>
  <testcase name="testSomar" classname="Principal.CalculadoraTest" time="0.0"/>
  <testcase name="testMultiplicar" classname="Principal.CalculadoraTest" time="0.0"/>
  <testcase name="testDividir" classname="Principal.CalculadoraTest" time="0.0"/>
</testsuite>